<?xml version="1.0" encoding="UTF-8"?>
<!-- Generated by org.testng.reporters.JUnitXMLReporter -->
<testsuite ignored="0" hostname="DESKTOP-CFRUI98" failures="1" tests="1" name="Test" time="22.123" errors="0" timestamp="2023-08-30T17:17:17 IST">
  <testcase classname="TestnGG.websites" name="captureScreenshot" time="21.545">
    <failure type="java.lang.AssertionError" message="expected [Home-Selenium Webdriver Appium Complete Tutorial] but found [Home-Automation Test]">
      <![CDATA[java.lang.AssertionError: expected [Home-Selenium Webdriver Appium Complete Tutorial] but found [Home-Automation Test]
at TestnGG.websites.captureScreenshot(websites.java:24)
at java.base/java.util.ArrayList.forEach(ArrayList.java:1511)
... Removed 31 stack frames]]>
    </failure>
  </testcase> <!-- captureScreenshot -->
</testsuite> <!-- Test -->
